<?xml version="1.0" encoding="UTF-8"?>
<coverage generated="1750363429890" clover="3.2.0">
  <project timestamp="1750363429890" name="All files">
    <metrics statements="24" coveredstatements="21" conditionals="4" coveredconditionals="1" methods="3" coveredmethods="2" elements="31" coveredelements="24" complexity="0" loc="24" ncloc="24" packages="1" files="3" classes="3"/>
    <file name="app.js" path="C:\Users\NGUEND DIME\3DVP_Devops\src\app.js">
      <metrics statements="13" coveredstatements="10" conditionals="4" coveredconditionals="1" methods="1" coveredmethods="0"/>
      <line num="1" count="1" type="stmt"/>
      <line num="2" count="1" type="stmt"/>
      <line num="3" count="1" type="stmt"/>
      <line num="5" count="1" type="stmt"/>
      <line num="8" count="1" type="stmt"/>
      <line num="9" count="1" type="stmt"/>
      <line num="12" count="1" type="stmt"/>
      <line num="15" count="1" type="stmt"/>
      <line num="18" count="1" type="stmt"/>
      <line num="21" count="1" type="cond" truecount="1" falsecount="1"/>
      <line num="22" count="0" type="cond" truecount="0" falsecount="2"/>
      <line num="23" count="0" type="stmt"/>
      <line num="24" count="0" type="stmt"/>
    </file>
    <file name="controllers.js" path="C:\Users\NGUEND DIME\3DVP_Devops\src\controllers.js">
      <metrics statements="5" coveredstatements="5" conditionals="0" coveredconditionals="0" methods="2" coveredmethods="2"/>
      <line num="1" count="2" type="stmt"/>
      <line num="22" count="2" type="stmt"/>
      <line num="23" count="2" type="stmt"/>
      <line num="26" count="2" type="stmt"/>
      <line num="27" count="2" type="stmt"/>
    </file>
    <file name="routes.js" path="C:\Users\NGUEND DIME\3DVP_Devops\src\routes.js">
      <metrics statements="6" coveredstatements="6" conditionals="0" coveredconditionals="0" methods="0" coveredmethods="0"/>
      <line num="1" count="1" type="stmt"/>
      <line num="2" count="1" type="stmt"/>
      <line num="3" count="1" type="stmt"/>
      <line num="6" count="1" type="stmt"/>
      <line num="9" count="1" type="stmt"/>
      <line num="11" count="1" type="stmt"/>
    </file>
  </project>
</coverage>
